{"numFailedTestSuites":1,"numFailedTests":2,"numPassedTestSuites":0,"numPassedTests":7,"numPendingTestSuites":0,"numPendingTests":0,"numRuntimeErrorTestSuites":0,"numTodoTests":0,"numTotalTestSuites":1,"numTotalTests":9,"openHandles":[],"snapshot":{"added":0,"didUpdate":false,"failure":false,"filesAdded":0,"filesRemoved":0,"filesRemovedList":[],"filesUnmatched":0,"filesUpdated":0,"matched":0,"total":0,"unchecked":0,"uncheckedKeysByFile":[],"unmatched":0,"updated":0},"startTime":1768089129915,"success":false,"testResults":[{"assertionResults":[{"ancestorTitles":["VerdictUtil","calculateAiRating"],"duration":3,"failing":false,"failureDetails":[],"failureMessages":[],"fullName":"VerdictUtil calculateAiRating should return Strong Buy for high upside, low risk, and positive factors","invocations":1,"location":null,"numPassingAsserts":3,"retryReasons":[],"startAt":1768089130501,"status":"passed","title":"should return Strong Buy for high upside, low risk, and positive factors"},{"ancestorTitles":["VerdictUtil","calculateAiRating"],"duration":1,"failing":false,"failureDetails":[],"failureMessages":[],"fullName":"VerdictUtil calculateAiRating should return Buy for moderate upside and risk","invocations":1,"location":null,"numPassingAsserts":2,"retryReasons":[],"startAt":1768089130505,"status":"passed","title":"should return Buy for moderate upside and risk"},{"ancestorTitles":["VerdictUtil","calculateAiRating"],"duration":3,"failing":false,"failureDetails":[{"matcherResult":{"actual":"Sell","expected":"Hold","message":"\u001b[2mexpect(\u001b[22m\u001b[31mreceived\u001b[39m\u001b[2m).\u001b[22mtoBe\u001b[2m(\u001b[22m\u001b[32mexpected\u001b[39m\u001b[2m) // Object.is equality\u001b[22m\n\nExpected: \u001b[32m\"Hold\"\u001b[39m\nReceived: \u001b[31m\"Sell\"\u001b[39m","name":"toBe","pass":false}}],"failureMessages":["Error: \u001b[2mexpect(\u001b[22m\u001b[31mreceived\u001b[39m\u001b[2m).\u001b[22mtoBe\u001b[2m(\u001b[22m\u001b[32mexpected\u001b[39m\u001b[2m) // Object.is equality\u001b[22m\n\nExpected: \u001b[32m\"Hold\"\u001b[39m\nReceived: \u001b[31m\"Sell\"\u001b[39m\n    at Object.<anonymous> (C:\\Users\\brani\\Documents\\GitHub\\neural-ticker-core\\src\\lib\\verdict.util.spec.ts:39:29)\n    at Promise.finally.completed (C:\\Users\\brani\\Documents\\GitHub\\neural-ticker-core\\node_modules\\jest-circus\\build\\jestAdapterInit.js:1557:28)\n    at new Promise (<anonymous>)\n    at callAsyncCircusFn (C:\\Users\\brani\\Documents\\GitHub\\neural-ticker-core\\node_modules\\jest-circus\\build\\jestAdapterInit.js:1497:10)\n    at _callCircusTest (C:\\Users\\brani\\Documents\\GitHub\\neural-ticker-core\\node_modules\\jest-circus\\build\\jestAdapterInit.js:1007:40)\n    at _runTest (C:\\Users\\brani\\Documents\\GitHub\\neural-ticker-core\\node_modules\\jest-circus\\build\\jestAdapterInit.js:947:3)\n    at C:\\Users\\brani\\Documents\\GitHub\\neural-ticker-core\\node_modules\\jest-circus\\build\\jestAdapterInit.js:849:7\n    at _runTestsForDescribeBlock (C:\\Users\\brani\\Documents\\GitHub\\neural-ticker-core\\node_modules\\jest-circus\\build\\jestAdapterInit.js:862:11)\n    at _runTestsForDescribeBlock (C:\\Users\\brani\\Documents\\GitHub\\neural-ticker-core\\node_modules\\jest-circus\\build\\jestAdapterInit.js:857:11)\n    at _runTestsForDescribeBlock (C:\\Users\\brani\\Documents\\GitHub\\neural-ticker-core\\node_modules\\jest-circus\\build\\jestAdapterInit.js:857:11)\n    at run (C:\\Users\\brani\\Documents\\GitHub\\neural-ticker-core\\node_modules\\jest-circus\\build\\jestAdapterInit.js:761:3)\n    at runAndTransformResultsToJestFormat (C:\\Users\\brani\\Documents\\GitHub\\neural-ticker-core\\node_modules\\jest-circus\\build\\jestAdapterInit.js:1918:21)\n    at jestAdapter (C:\\Users\\brani\\Documents\\GitHub\\neural-ticker-core\\node_modules\\jest-circus\\build\\runner.js:101:19)\n    at runTestInternal (C:\\Users\\brani\\Documents\\GitHub\\neural-ticker-core\\node_modules\\jest-runner\\build\\index.js:275:16)\n    at runTest (C:\\Users\\brani\\Documents\\GitHub\\neural-ticker-core\\node_modules\\jest-runner\\build\\index.js:343:7)"],"fullName":"VerdictUtil calculateAiRating should return Hold for neutral factors","invocations":1,"location":null,"numPassingAsserts":0,"retryReasons":[],"startAt":1768089130506,"status":"failed","title":"should return Hold for neutral factors"},{"ancestorTitles":["VerdictUtil","calculateAiRating"],"duration":0,"failing":false,"failureDetails":[],"failureMessages":[],"fullName":"VerdictUtil calculateAiRating should return Sell for high risk and negative factors","invocations":1,"location":null,"numPassingAsserts":2,"retryReasons":[],"startAt":1768089130516,"status":"passed","title":"should return Sell for high risk and negative factors"},{"ancestorTitles":["VerdictUtil","calculateAiRating"],"duration":1,"failing":false,"failureDetails":[],"failureMessages":[],"fullName":"VerdictUtil calculateAiRating should return Sell for extreme risk even with moderate score (Hard Veto)","invocations":1,"location":null,"numPassingAsserts":2,"retryReasons":[],"startAt":1768089130517,"status":"passed","title":"should return Sell for extreme risk even with moderate score (Hard Veto)"},{"ancestorTitles":["VerdictUtil","calculateAiRating"],"duration":1,"failing":false,"failureDetails":[],"failureMessages":[],"fullName":"VerdictUtil calculateAiRating should return Speculative Buy for high risk but extreme upside","invocations":1,"location":null,"numPassingAsserts":2,"retryReasons":[],"startAt":1768089130518,"status":"passed","title":"should return Speculative Buy for high risk but extreme upside"},{"ancestorTitles":["VerdictUtil","calculateAiRating"],"duration":1,"failing":false,"failureDetails":[{"matcherResult":{"actual":"Sell","expected":"Speculative Buy","message":"\u001b[2mexpect(\u001b[22m\u001b[31mreceived\u001b[39m\u001b[2m).\u001b[22mtoBe\u001b[2m(\u001b[22m\u001b[32mexpected\u001b[39m\u001b[2m) // Object.is equality\u001b[22m\n\nExpected: \u001b[32m\"S\u001b[7mpeculative Buy\u001b[27m\"\u001b[39m\nReceived: \u001b[31m\"S\u001b[7mell\u001b[27m\"\u001b[39m","name":"toBe","pass":false}}],"failureMessages":["Error: \u001b[2mexpect(\u001b[22m\u001b[31mreceived\u001b[39m\u001b[2m).\u001b[22mtoBe\u001b[2m(\u001b[22m\u001b[32mexpected\u001b[39m\u001b[2m) // Object.is equality\u001b[22m\n\nExpected: \u001b[32m\"S\u001b[7mpeculative Buy\u001b[27m\"\u001b[39m\nReceived: \u001b[31m\"S\u001b[7mell\u001b[27m\"\u001b[39m\n    at Object.<anonymous> (C:\\Users\\brani\\Documents\\GitHub\\neural-ticker-core\\src\\lib\\verdict.util.spec.ts:87:29)\n    at Promise.finally.completed (C:\\Users\\brani\\Documents\\GitHub\\neural-ticker-core\\node_modules\\jest-circus\\build\\jestAdapterInit.js:1557:28)\n    at new Promise (<anonymous>)\n    at callAsyncCircusFn (C:\\Users\\brani\\Documents\\GitHub\\neural-ticker-core\\node_modules\\jest-circus\\build\\jestAdapterInit.js:1497:10)\n    at _callCircusTest (C:\\Users\\brani\\Documents\\GitHub\\neural-ticker-core\\node_modules\\jest-circus\\build\\jestAdapterInit.js:1007:40)\n    at _runTest (C:\\Users\\brani\\Documents\\GitHub\\neural-ticker-core\\node_modules\\jest-circus\\build\\jestAdapterInit.js:947:3)\n    at C:\\Users\\brani\\Documents\\GitHub\\neural-ticker-core\\node_modules\\jest-circus\\build\\jestAdapterInit.js:849:7\n    at _runTestsForDescribeBlock (C:\\Users\\brani\\Documents\\GitHub\\neural-ticker-core\\node_modules\\jest-circus\\build\\jestAdapterInit.js:862:11)\n    at _runTestsForDescribeBlock (C:\\Users\\brani\\Documents\\GitHub\\neural-ticker-core\\node_modules\\jest-circus\\build\\jestAdapterInit.js:857:11)\n    at _runTestsForDescribeBlock (C:\\Users\\brani\\Documents\\GitHub\\neural-ticker-core\\node_modules\\jest-circus\\build\\jestAdapterInit.js:857:11)\n    at run (C:\\Users\\brani\\Documents\\GitHub\\neural-ticker-core\\node_modules\\jest-circus\\build\\jestAdapterInit.js:761:3)\n    at runAndTransformResultsToJestFormat (C:\\Users\\brani\\Documents\\GitHub\\neural-ticker-core\\node_modules\\jest-circus\\build\\jestAdapterInit.js:1918:21)\n    at jestAdapter (C:\\Users\\brani\\Documents\\GitHub\\neural-ticker-core\\node_modules\\jest-circus\\build\\runner.js:101:19)\n    at runTestInternal (C:\\Users\\brani\\Documents\\GitHub\\neural-ticker-core\\node_modules\\jest-runner\\build\\index.js:275:16)\n    at runTest (C:\\Users\\brani\\Documents\\GitHub\\neural-ticker-core\\node_modules\\jest-runner\\build\\index.js:343:7)"],"fullName":"VerdictUtil calculateAiRating should return Speculative Buy for high risk but high Neural Score","invocations":1,"location":null,"numPassingAsserts":0,"retryReasons":[],"startAt":1768089130519,"status":"failed","title":"should return Speculative Buy for high risk but high Neural Score"},{"ancestorTitles":["VerdictUtil","calculateAiRating"],"duration":3,"failing":false,"failureDetails":[],"failureMessages":[],"fullName":"VerdictUtil calculateAiRating should handle news sentiment correctly","invocations":1,"location":null,"numPassingAsserts":2,"retryReasons":[],"startAt":1768089130521,"status":"passed","title":"should handle news sentiment correctly"},{"ancestorTitles":["VerdictUtil","calculateAiRating"],"duration":0,"failing":false,"failureDetails":[],"failureMessages":[],"fullName":"VerdictUtil calculateAiRating should handle missing fields gracefully","invocations":1,"location":null,"numPassingAsserts":1,"retryReasons":[],"startAt":1768089130525,"status":"passed","title":"should handle missing fields gracefully"}],"endTime":1768089130532,"message":"\u001b[1m\u001b[31m  \u001b[1m● \u001b[22m\u001b[1mVerdictUtil › calculateAiRating › should return Hold for neutral factors\u001b[39m\u001b[22m\n\n    \u001b[2mexpect(\u001b[22m\u001b[31mreceived\u001b[39m\u001b[2m).\u001b[22mtoBe\u001b[2m(\u001b[22m\u001b[32mexpected\u001b[39m\u001b[2m) // Object.is equality\u001b[22m\n\n    Expected: \u001b[32m\"Hold\"\u001b[39m\n    Received: \u001b[31m\"Sell\"\u001b[39m\n\u001b[2m\u001b[22m\n\u001b[2m    \u001b[0m \u001b[90m 37 |\u001b[39m         peRatio\u001b[33m:\u001b[39m \u001b[35m30\u001b[39m\u001b[33m,\u001b[39m\u001b[22m\n\u001b[2m     \u001b[90m 38 |\u001b[39m       })\u001b[33m;\u001b[39m\u001b[22m\n\u001b[2m    \u001b[31m\u001b[1m>\u001b[22m\u001b[2m\u001b[39m\u001b[90m 39 |\u001b[39m       expect(result\u001b[33m.\u001b[39mrating)\u001b[33m.\u001b[39mtoBe(\u001b[32m'Hold'\u001b[39m)\u001b[33m;\u001b[39m\u001b[22m\n\u001b[2m     \u001b[90m    |\u001b[39m                             \u001b[31m\u001b[1m^\u001b[22m\u001b[2m\u001b[39m\u001b[22m\n\u001b[2m     \u001b[90m 40 |\u001b[39m       expect(result\u001b[33m.\u001b[39mvariant)\u001b[33m.\u001b[39mtoBe(\u001b[32m'hold'\u001b[39m)\u001b[33m;\u001b[39m\u001b[22m\n\u001b[2m     \u001b[90m 41 |\u001b[39m     })\u001b[33m;\u001b[39m\u001b[22m\n\u001b[2m     \u001b[90m 42 |\u001b[39m\u001b[0m\u001b[22m\n\u001b[2m\u001b[22m\n\u001b[2m      \u001b[2mat Object.<anonymous> (\u001b[22m\u001b[2m\u001b[0m\u001b[36mlib/verdict.util.spec.ts\u001b[39m\u001b[0m\u001b[2m:39:29)\u001b[22m\u001b[2m\u001b[22m\n\n\u001b[1m\u001b[31m  \u001b[1m● \u001b[22m\u001b[1mVerdictUtil › calculateAiRating › should return Speculative Buy for high risk but high Neural Score\u001b[39m\u001b[22m\n\n    \u001b[2mexpect(\u001b[22m\u001b[31mreceived\u001b[39m\u001b[2m).\u001b[22mtoBe\u001b[2m(\u001b[22m\u001b[32mexpected\u001b[39m\u001b[2m) // Object.is equality\u001b[22m\n\n    Expected: \u001b[32m\"S\u001b[7mpeculative Buy\u001b[27m\"\u001b[39m\n    Received: \u001b[31m\"S\u001b[7mell\u001b[27m\"\u001b[39m\n\u001b[2m\u001b[22m\n\u001b[2m    \u001b[0m \u001b[90m 85 |\u001b[39m         peRatio\u001b[33m:\u001b[39m \u001b[36mnull\u001b[39m\u001b[33m,\u001b[39m\u001b[22m\n\u001b[2m     \u001b[90m 86 |\u001b[39m       })\u001b[33m;\u001b[39m\u001b[22m\n\u001b[2m    \u001b[31m\u001b[1m>\u001b[22m\u001b[2m\u001b[39m\u001b[90m 87 |\u001b[39m       expect(result\u001b[33m.\u001b[39mrating)\u001b[33m.\u001b[39mtoBe(\u001b[32m'Speculative Buy'\u001b[39m)\u001b[33m;\u001b[39m\u001b[22m\n\u001b[2m     \u001b[90m    |\u001b[39m                             \u001b[31m\u001b[1m^\u001b[22m\u001b[2m\u001b[39m\u001b[22m\n\u001b[2m     \u001b[90m 88 |\u001b[39m       expect(result\u001b[33m.\u001b[39mvariant)\u001b[33m.\u001b[39mtoBe(\u001b[32m'speculativeBuy'\u001b[39m)\u001b[33m;\u001b[39m\u001b[22m\n\u001b[2m     \u001b[90m 89 |\u001b[39m     })\u001b[33m;\u001b[39m\u001b[22m\n\u001b[2m     \u001b[90m 90 |\u001b[39m\u001b[0m\u001b[22m\n\u001b[2m\u001b[22m\n\u001b[2m      \u001b[2mat Object.<anonymous> (\u001b[22m\u001b[2m\u001b[0m\u001b[36mlib/verdict.util.spec.ts\u001b[39m\u001b[0m\u001b[2m:87:29)\u001b[22m\u001b[2m\u001b[22m\n","name":"C:\\Users\\brani\\Documents\\GitHub\\neural-ticker-core\\src\\lib\\verdict.util.spec.ts","startTime":1768089130176,"status":"failed","summary":""}],"wasInterrupted":false}
